<?xml version="1.0" encoding="UTF-8"?>
<!-- Generated by org.testng.reporters.JUnitReportReporter -->
<testsuite skipped="0" hostname="INDDEV64" name="testCases.DemoTest" tests="2" failures="0" timestamp="2021-05-20T15:33:18 IST" time="0.044" errors="0">
  <testcase name="test1" time="0.041" classname="testCases.DemoTest"/>
  <system-out/>
  <testcase name="test2" time="0.003" classname="testCases.DemoTest"/>
  <system-out/>
</testsuite> <!-- testCases.DemoTest -->
