<?xml version="1.0" encoding="UTF-8"?>
<!-- Generated by org.testng.reporters.JUnitReportReporter -->
<testsuite skipped="0" hostname="INDDEV64" name="testCases.DemoTest" tests="2" failures="0" timestamp="2021-05-24T15:17:40 IST" time="1.462" errors="0">
  <testcase name="test1" time="0.794" classname="testCases.DemoTest"/>
  <system-out/>
  <testcase name="test2" time="0.668" classname="testCases.DemoTest"/>
  <system-out/>
</testsuite> <!-- testCases.DemoTest -->
